D:\PROGRAM FILES (X86)\PROJECTS\VS2010\CCEMO\CCEMO\DEBUG\CCEMO.EXE.EMBED.MANIFEST
D:\PROGRAM FILES (X86)\PROJECTS\VS2010\CCEMO\CCEMO\DEBUG\CCEMO.EXE.EMBED.MANIFEST.RES
D:\PROGRAM FILES (X86)\PROJECTS\VS2010\CCEMO\CCEMO\DEBUG\CCEMO.EXE.INTERMEDIATE.MANIFEST
D:\Program Files (x86)\Projects\VS2010\CCEMO\CCEMO\Debug\CCEMO.vcxprojResolveAssemblyReference.cache
D:\Program Files (x86)\Projects\VS2010\CCEMO\CCEMO\Debug\CCEMO.write.1.tlog
D:\Program Files (x86)\Projects\VS2010\CCEMO\CCEMO\Debug\CCEMO_manifest.rc
D:\Program Files (x86)\Projects\VS2010\CCEMO\CCEMO\Debug\cl.command.1.tlog
D:\Program Files (x86)\Projects\VS2010\CCEMO\CCEMO\Debug\CL.read.1.tlog
D:\Program Files (x86)\Projects\VS2010\CCEMO\CCEMO\Debug\CL.write.1.tlog
D:\PROGRAM FILES (X86)\PROJECTS\VS2010\CCEMO\CCEMO\DEBUG\CONTROL.OBJ
D:\PROGRAM FILES (X86)\PROJECTS\VS2010\CCEMO\CCEMO\DEBUG\COOPERATIVECOEVOLUTION.OBJ
D:\PROGRAM FILES (X86)\PROJECTS\VS2010\CCEMO\CCEMO\DEBUG\DIFFERENTIALEVOLUTION.OBJ
D:\PROGRAM FILES (X86)\PROJECTS\VS2010\CCEMO\CCEMO\DEBUG\DISPLAY.OBJ
D:\PROGRAM FILES (X86)\PROJECTS\VS2010\CCEMO\CCEMO\DEBUG\DISTANCE.OBJ
D:\PROGRAM FILES (X86)\PROJECTS\VS2010\CCEMO\CCEMO\DEBUG\DOMINANCECOMPARATOR.OBJ
D:\PROGRAM FILES (X86)\PROJECTS\VS2010\CCEMO\CCEMO\DEBUG\EMO_TEST_SUITE.OBJ
D:\PROGRAM FILES (X86)\PROJECTS\VS2010\CCEMO\CCEMO\DEBUG\GLOBAL.OBJ
D:\PROGRAM FILES (X86)\PROJECTS\VS2010\CCEMO\CCEMO\DEBUG\HANDLEMEMORY.OBJ
D:\PROGRAM FILES (X86)\PROJECTS\VS2010\CCEMO\CCEMO\DEBUG\INDEX.OBJ
D:\PROGRAM FILES (X86)\PROJECTS\VS2010\CCEMO\CCEMO\DEBUG\INITIALIZATION.OBJ
D:\Program Files (x86)\Projects\VS2010\CCEMO\CCEMO\Debug\link.6788.read.1.tlog
D:\Program Files (x86)\Projects\VS2010\CCEMO\CCEMO\Debug\link.6788.write.1.tlog
D:\Program Files (x86)\Projects\VS2010\CCEMO\CCEMO\Debug\link.6788-cvtres.read.1.tlog
D:\Program Files (x86)\Projects\VS2010\CCEMO\CCEMO\Debug\link.6788-cvtres.write.1.tlog
D:\Program Files (x86)\Projects\VS2010\CCEMO\CCEMO\Debug\link.command.1.tlog
D:\Program Files (x86)\Projects\VS2010\CCEMO\CCEMO\Debug\link.read.1.tlog
D:\Program Files (x86)\Projects\VS2010\CCEMO\CCEMO\Debug\link.write.1.tlog
D:\Program Files (x86)\Projects\VS2010\CCEMO\CCEMO\Debug\link-cvtres.read.1.tlog
D:\Program Files (x86)\Projects\VS2010\CCEMO\CCEMO\Debug\link-cvtres.write.1.tlog
D:\PROGRAM FILES (X86)\PROJECTS\VS2010\CCEMO\CCEMO\DEBUG\LIST.OBJ
D:\PROGRAM FILES (X86)\PROJECTS\VS2010\CCEMO\CCEMO\DEBUG\MAIN.OBJ
D:\PROGRAM FILES (X86)\PROJECTS\VS2010\CCEMO\CCEMO\DEBUG\MPIIMPLEMENT.OBJ
D:\Program Files (x86)\Projects\VS2010\CCEMO\CCEMO\Debug\mt.command.1.tlog
D:\Program Files (x86)\Projects\VS2010\CCEMO\CCEMO\Debug\mt.read.1.tlog
D:\Program Files (x86)\Projects\VS2010\CCEMO\CCEMO\Debug\mt.write.1.tlog
D:\PROGRAM FILES (X86)\PROJECTS\VS2010\CCEMO\CCEMO\DEBUG\NONDOMINANCE.OBJ
D:\PROGRAM FILES (X86)\PROJECTS\VS2010\CCEMO\CCEMO\DEBUG\RAND.OBJ
D:\Program Files (x86)\Projects\VS2010\CCEMO\CCEMO\Debug\rc.command.1.tlog
D:\Program Files (x86)\Projects\VS2010\CCEMO\CCEMO\Debug\rc.read.1.tlog
D:\Program Files (x86)\Projects\VS2010\CCEMO\CCEMO\Debug\rc.write.1.tlog
D:\PROGRAM FILES (X86)\PROJECTS\VS2010\CCEMO\CCEMO\DEBUG\SORT.OBJ
D:\PROGRAM FILES (X86)\PROJECTS\VS2010\CCEMO\CCEMO\DEBUG\UTILITY.OBJ
D:\Program Files (x86)\Projects\VS2010\CCEMO\CCEMO\Debug\vc100.idb
D:\PROGRAM FILES (X86)\PROJECTS\VS2010\CCEMO\CCEMO\DEBUG\VC100.PDB
D:\PROGRAM FILES (X86)\PROJECTS\VS2010\CCEMO\DEBUG\CCEMO.EXE
D:\PROGRAM FILES (X86)\PROJECTS\VS2010\CCEMO\DEBUG\CCEMO.ILK
D:\PROGRAM FILES (X86)\PROJECTS\VS2010\CCEMO\DEBUG\CCEMO.PDB
