D:\PROGRAM FILES (X86)\PROJECTS\VS2010\CCEMO\CCGDE3_OPENMP\DEBUG\CCGDE3.OBJ
D:\PROGRAM FILES (X86)\PROJECTS\VS2010\CCEMO\CCGDE3_OPENMP\DEBUG\CCGDE3_OPENMP.EXE.EMBED.MANIFEST
D:\PROGRAM FILES (X86)\PROJECTS\VS2010\CCEMO\CCGDE3_OPENMP\DEBUG\CCGDE3_OPENMP.EXE.EMBED.MANIFEST.RES
D:\PROGRAM FILES (X86)\PROJECTS\VS2010\CCEMO\CCGDE3_OPENMP\DEBUG\CCGDE3_OPENMP.EXE.INTERMEDIATE.MANIFEST
D:\Program Files (x86)\Projects\VS2010\CCEMO\CCGDE3_OpenMP\Debug\CCGDE3_OpenMP.vcxprojResolveAssemblyReference.cache
D:\Program Files (x86)\Projects\VS2010\CCEMO\CCGDE3_OpenMP\Debug\CCGDE3_OpenMP.write.1.tlog
D:\Program Files (x86)\Projects\VS2010\CCEMO\CCGDE3_OpenMP\Debug\CCGDE3_OpenMP_manifest.rc
D:\Program Files (x86)\Projects\VS2010\CCEMO\CCGDE3_OpenMP\Debug\cl.command.1.tlog
D:\Program Files (x86)\Projects\VS2010\CCEMO\CCGDE3_OpenMP\Debug\CL.read.1.tlog
D:\Program Files (x86)\Projects\VS2010\CCEMO\CCGDE3_OpenMP\Debug\CL.write.1.tlog
D:\PROGRAM FILES (X86)\PROJECTS\VS2010\CCEMO\CCGDE3_OPENMP\DEBUG\CROSSOVER.OBJ
D:\PROGRAM FILES (X86)\PROJECTS\VS2010\CCEMO\CCGDE3_OPENMP\DEBUG\CROWDINGDISTANCE.OBJ
D:\PROGRAM FILES (X86)\PROJECTS\VS2010\CCEMO\CCGDE3_OPENMP\DEBUG\DISPLAY.OBJ
D:\PROGRAM FILES (X86)\PROJECTS\VS2010\CCEMO\CCGDE3_OPENMP\DEBUG\DOMINANCECOMPARATOR.OBJ
D:\PROGRAM FILES (X86)\PROJECTS\VS2010\CCEMO\CCGDE3_OPENMP\DEBUG\EMO_TEST_SUITE.OBJ
D:\PROGRAM FILES (X86)\PROJECTS\VS2010\CCEMO\CCGDE3_OPENMP\DEBUG\EVALUATE.OBJ
D:\PROGRAM FILES (X86)\PROJECTS\VS2010\CCEMO\CCGDE3_OPENMP\DEBUG\INITIALIZE.OBJ
D:\Program Files (x86)\Projects\VS2010\CCEMO\CCGDE3_OpenMP\Debug\link.5124.read.1.tlog
D:\Program Files (x86)\Projects\VS2010\CCEMO\CCGDE3_OpenMP\Debug\link.5124.write.1.tlog
D:\Program Files (x86)\Projects\VS2010\CCEMO\CCGDE3_OpenMP\Debug\link.5124-cvtres.read.1.tlog
D:\Program Files (x86)\Projects\VS2010\CCEMO\CCGDE3_OpenMP\Debug\link.5124-cvtres.write.1.tlog
D:\Program Files (x86)\Projects\VS2010\CCEMO\CCGDE3_OpenMP\Debug\link.command.1.tlog
D:\Program Files (x86)\Projects\VS2010\CCEMO\CCGDE3_OpenMP\Debug\link.read.1.tlog
D:\Program Files (x86)\Projects\VS2010\CCEMO\CCGDE3_OpenMP\Debug\link.write.1.tlog
D:\Program Files (x86)\Projects\VS2010\CCEMO\CCGDE3_OpenMP\Debug\link-cvtres.read.1.tlog
D:\Program Files (x86)\Projects\VS2010\CCEMO\CCGDE3_OpenMP\Debug\link-cvtres.write.1.tlog
D:\PROGRAM FILES (X86)\PROJECTS\VS2010\CCEMO\CCGDE3_OPENMP\DEBUG\LIST.OBJ
D:\PROGRAM FILES (X86)\PROJECTS\VS2010\CCEMO\CCGDE3_OPENMP\DEBUG\MEMORYALLOCATION.OBJ
D:\Program Files (x86)\Projects\VS2010\CCEMO\CCGDE3_OpenMP\Debug\mt.command.1.tlog
D:\Program Files (x86)\Projects\VS2010\CCEMO\CCGDE3_OpenMP\Debug\mt.read.1.tlog
D:\Program Files (x86)\Projects\VS2010\CCEMO\CCGDE3_OpenMP\Debug\mt.write.1.tlog
D:\PROGRAM FILES (X86)\PROJECTS\VS2010\CCEMO\CCGDE3_OPENMP\DEBUG\RAND.OBJ
D:\Program Files (x86)\Projects\VS2010\CCEMO\CCGDE3_OpenMP\Debug\rc.command.1.tlog
D:\Program Files (x86)\Projects\VS2010\CCEMO\CCGDE3_OpenMP\Debug\rc.read.1.tlog
D:\Program Files (x86)\Projects\VS2010\CCEMO\CCGDE3_OpenMP\Debug\rc.write.1.tlog
D:\PROGRAM FILES (X86)\PROJECTS\VS2010\CCEMO\CCGDE3_OPENMP\DEBUG\SELECTION.OBJ
D:\PROGRAM FILES (X86)\PROJECTS\VS2010\CCEMO\CCGDE3_OPENMP\DEBUG\SORT.OBJ
D:\PROGRAM FILES (X86)\PROJECTS\VS2010\CCEMO\CCGDE3_OPENMP\DEBUG\SPECIES.OBJ
D:\PROGRAM FILES (X86)\PROJECTS\VS2010\CCEMO\CCGDE3_OPENMP\DEBUG\UTIL.OBJ
D:\Program Files (x86)\Projects\VS2010\CCEMO\CCGDE3_OpenMP\Debug\vc100.idb
D:\PROGRAM FILES (X86)\PROJECTS\VS2010\CCEMO\CCGDE3_OPENMP\DEBUG\VC100.PDB
D:\PROGRAM FILES (X86)\PROJECTS\VS2010\CCEMO\CCGDE3_OPENMP\DEBUG\ZDT.OBJ
D:\PROGRAM FILES (X86)\PROJECTS\VS2010\CCEMO\DEBUG\CCGDE3_OPENMP.EXE
D:\PROGRAM FILES (X86)\PROJECTS\VS2010\CCEMO\DEBUG\CCGDE3_OPENMP.ILK
D:\PROGRAM FILES (X86)\PROJECTS\VS2010\CCEMO\DEBUG\CCGDE3_OPENMP.PDB
